<?xml version="1.0" encoding="UTF-8"?>
<!-- Generated by org.testng.reporters.JUnitXMLReporter -->
<testsuite ignored="0" hostname="DESKTOP-0REC7EB" failures="0" tests="8" name="Command line test" time="0.105" errors="0" timestamp="2022-11-03T11:00:21 IST">
  <testcase classname="TestCases.ProbabilityTestCases" name="testProbability_1" time="0.009"/>
  <testcase classname="TestCases.ProbabilityTestCases" name="testProbability_2" time="0.005"/>
  <testcase classname="TestCases.ProbabilityTestCases" name="testProbability_3" time="0.048"/>
  <testcase classname="TestCases.ProbabilityTestCases" name="testProbability_4" time="0.001"/>
  <testcase classname="TestCases.ProbabilityTestCases" name="testProbability_5" time="0.003"/>
  <testcase classname="TestCases.ProbabilityTestCases" name="testProbability_6" time="0.001"/>
  <testcase classname="TestCases.ProbabilityTestCases" name="testProbability_7" time="0.001"/>
  <testcase classname="TestCases.ProbabilityTestCases" name="testProbability_8" time="0.0"/>
</testsuite> <!-- Command line test -->
