<?xml version="1.0" encoding="UTF-8"?>
<testng-results ignored="0" total="8" passed="8" failed="0" skipped="0">
  <reporter-output>
  </reporter-output>
  <suite started-at="2022-11-03T11:00:21 IST" name="TestCases.ProbabilityTestCases" finished-at="2022-11-03T11:00:21 IST" duration-ms="105">
    <groups>
    </groups>
    <test started-at="2022-11-03T11:00:21 IST" name="Command line test" finished-at="2022-11-03T11:00:21 IST" duration-ms="105">
      <class name="TestCases.ProbabilityTestCases">
        <test-method signature="testProbability_1()[pri:0, instance:TestCases.ProbabilityTestCases@525b461a]" started-at="2022-11-03T11:00:21 IST" name="testProbability_1" finished-at="2022-11-03T11:00:21 IST" duration-ms="9" status="PASS">
          <reporter-output>
          </reporter-output>
        </test-method> <!-- testProbability_1 -->
        <test-method signature="testProbability_2()[pri:0, instance:TestCases.ProbabilityTestCases@525b461a]" started-at="2022-11-03T11:00:21 IST" name="testProbability_2" finished-at="2022-11-03T11:00:21 IST" duration-ms="5" status="PASS">
          <reporter-output>
          </reporter-output>
        </test-method> <!-- testProbability_2 -->
        <test-method signature="testProbability_3()[pri:0, instance:TestCases.ProbabilityTestCases@525b461a]" started-at="2022-11-03T11:00:21 IST" name="testProbability_3" finished-at="2022-11-03T11:00:21 IST" duration-ms="48" status="PASS">
          <reporter-output>
          </reporter-output>
        </test-method> <!-- testProbability_3 -->
        <test-method signature="testProbability_4()[pri:0, instance:TestCases.ProbabilityTestCases@525b461a]" started-at="2022-11-03T11:00:21 IST" name="testProbability_4" finished-at="2022-11-03T11:00:21 IST" duration-ms="1" status="PASS">
          <reporter-output>
          </reporter-output>
        </test-method> <!-- testProbability_4 -->
        <test-method signature="testProbability_5()[pri:0, instance:TestCases.ProbabilityTestCases@525b461a]" started-at="2022-11-03T11:00:21 IST" name="testProbability_5" finished-at="2022-11-03T11:00:21 IST" duration-ms="3" status="PASS">
          <reporter-output>
          </reporter-output>
        </test-method> <!-- testProbability_5 -->
        <test-method signature="testProbability_6()[pri:0, instance:TestCases.ProbabilityTestCases@525b461a]" started-at="2022-11-03T11:00:21 IST" name="testProbability_6" finished-at="2022-11-03T11:00:21 IST" duration-ms="1" status="PASS">
          <reporter-output>
          </reporter-output>
        </test-method> <!-- testProbability_6 -->
        <test-method signature="testProbability_7()[pri:0, instance:TestCases.ProbabilityTestCases@525b461a]" started-at="2022-11-03T11:00:21 IST" name="testProbability_7" finished-at="2022-11-03T11:00:21 IST" duration-ms="1" status="PASS">
          <reporter-output>
          </reporter-output>
        </test-method> <!-- testProbability_7 -->
        <test-method signature="testProbability_8()[pri:0, instance:TestCases.ProbabilityTestCases@525b461a]" started-at="2022-11-03T11:00:21 IST" name="testProbability_8" finished-at="2022-11-03T11:00:21 IST" duration-ms="0" status="PASS">
          <reporter-output>
          </reporter-output>
        </test-method> <!-- testProbability_8 -->
      </class> <!-- TestCases.ProbabilityTestCases -->
    </test> <!-- Command line test -->
  </suite> <!-- TestCases.ProbabilityTestCases -->
</testng-results>
